<?xml version="1.0" encoding="UTF-8"?>
<!-- Generated by org.testng.reporters.JUnitReportReporter -->
<testsuite hostname="QQSPLOXLTP0061" failures="0" tests="4" name="com.capitol.WebQAautomation.pages.LoginPage" time="0.061" errors="0" timestamp="2023-02-13T15:02:38 IST" skipped="0">
  <testcase classname="com.capitol.WebQAautomation.pages.LoginPage" name="launchBrowser" time="0.048"/>
  <system-out/>
  <testcase classname="com.capitol.WebQAautomation.pages.LoginPage" name="signInwithinvalidcred" time="0.008"/>
  <system-out/>
  <testcase classname="com.capitol.WebQAautomation.pages.LoginPage" name="reLaunchToLoginPage" time="0.003"/>
  <system-out/>
  <testcase classname="com.capitol.WebQAautomation.pages.LoginPage" name="signInwithvalidcred" time="0.002"/>
  <system-out/>
</testsuite> <!-- com.capitol.WebQAautomation.pages.LoginPage -->
