<?xml version="1.0" encoding="UTF-8"?>
<!-- Generated by org.testng.reporters.JUnitReportReporter -->
<testsuite hostname="QQSPLOXLTP0061" failures="0" tests="15" name="com.capitol.WebQAautomation.tests.RunnerClass" time="137.953" errors="0" timestamp="2023-03-20T19:23:44 IST" skipped="1">
  <testcase classname="com.capitol.WebQAautomation.tests.RunnerClass" name="navigate" time="4.209"/>
  <system-out/>
  <testcase classname="com.capitol.WebQAautomation.tests.RunnerClass" name="invalidcred" time="12.805"/>
  <system-out/>
  <testcase classname="com.capitol.WebQAautomation.tests.RunnerClass" name="validCred" time="9.608"/>
  <system-out/>
  <testcase classname="com.capitol.WebQAautomation.tests.RunnerClass" name="selectproducts" time="12.544"/>
  <system-out/>
  <testcase classname="com.capitol.WebQAautomation.tests.RunnerClass" name="selectProductQuantity" time="15.689"/>
  <system-out/>
  <testcase classname="com.capitol.WebQAautomation.tests.RunnerClass" name="provideaddress" time="22.905"/>
  <system-out/>
  <testcase classname="com.capitol.WebQAautomation.tests.RunnerClass" name="proceedToPayment" time="3.120"/>
  <system-out/>
  <testcase classname="com.capitol.WebQAautomation.tests.RunnerClass" name="addCardDetails" time="14.736"/>
  <system-out/>
  <testcase classname="com.capitol.WebQAautomation.tests.RunnerClass" name="validatePaymentSuccessful" time="10.249"/>
  <system-out/>
  <testcase classname="com.capitol.WebQAautomation.tests.RunnerClass" name="SwitchToParentWindow" time="3.101"/>
  <system-out/>
  <testcase classname="com.capitol.WebQAautomation.tests.RunnerClass" name="NavigatetoProfile" time="13.245"/>
  <system-out/>
  <testcase classname="com.capitol.WebQAautomation.tests.RunnerClass" name="modifyUser" time="1.550"/>
  <system-out/>
  <testcase classname="com.capitol.WebQAautomation.tests.RunnerClass" name="logout" time="4.150"/>
  <system-out/>
  <testcase classname="com.capitol.WebQAautomation.tests.RunnerClass" name="loginwithModifiedpassword" time="10.042"/>
  <system-out/>
  <testcase classname="com.capitol.WebQAautomation.tests.RunnerClass" name="reLaunch">
    <skipped/>
  </testcase> <!-- reLaunch -->
  <system-out/>
</testsuite> <!-- com.capitol.WebQAautomation.tests.RunnerClass -->
