<?xml version="1.0" encoding="UTF-8"?>
<!-- Generated by org.testng.reporters.JUnitReportReporter -->
<testsuite hostname="QQSPLOXLTP0061" failures="0" tests="5" name="com.capitol.WebQAautomation.tests.LoginTest" time="37.884" errors="0" timestamp="2023-02-13T19:19:38 IST" skipped="0">
  <testcase classname="com.capitol.WebQAautomation.tests.LoginTest" name="navigate" time="5.967"/>
  <system-out/>
  <testcase classname="com.capitol.WebQAautomation.tests.LoginTest" name="invalidcred" time="12.717"/>
  <system-out/>
  <testcase classname="com.capitol.WebQAautomation.tests.LoginTest" name="reLaunch" time="7.630"/>
  <system-out/>
  <testcase classname="com.capitol.WebQAautomation.tests.LoginTest" name="validCred" time="9.442"/>
  <system-out/>
  <testcase classname="com.capitol.WebQAautomation.tests.LoginTest" name="selectproducts" time="2.128"/>
  <system-out/>
</testsuite> <!-- com.capitol.WebQAautomation.tests.LoginTest -->
