<?xml version="1.0" encoding="UTF-8"?>
<!-- Generated by org.testng.reporters.JUnitReportReporter -->
<testsuite hostname="QQSPLOXLTP0061" failures="0" tests="15" name="com.capitol.WebQAautomation.tests.RunScripts" time="141.772" errors="0" timestamp="2023-02-25T22:41:46 IST" skipped="1">
  <testcase classname="com.capitol.WebQAautomation.tests.RunScripts" name="navigate" time="6.339"/>
  <system-out/>
  <testcase classname="com.capitol.WebQAautomation.tests.RunScripts" name="invalidcred" time="12.802"/>
  <system-out/>
  <testcase classname="com.capitol.WebQAautomation.tests.RunScripts" name="validCred" time="9.607"/>
  <system-out/>
  <testcase classname="com.capitol.WebQAautomation.tests.RunScripts" name="selectproducts" time="12.540"/>
  <system-out/>
  <testcase classname="com.capitol.WebQAautomation.tests.RunScripts" name="selectProductQuantity" time="15.619"/>
  <system-out/>
  <testcase classname="com.capitol.WebQAautomation.tests.RunScripts" name="provideaddress" time="22.841"/>
  <system-out/>
  <testcase classname="com.capitol.WebQAautomation.tests.RunScripts" name="proceedToPayment" time="3.135"/>
  <system-out/>
  <testcase classname="com.capitol.WebQAautomation.tests.RunScripts" name="addCardDetails" time="14.790"/>
  <system-out/>
  <testcase classname="com.capitol.WebQAautomation.tests.RunScripts" name="validatePaymentSuccessful" time="10.214"/>
  <system-out/>
  <testcase classname="com.capitol.WebQAautomation.tests.RunScripts" name="SwitchToParentWindow" time="3.102"/>
  <system-out/>
  <testcase classname="com.capitol.WebQAautomation.tests.RunScripts" name="NavigatetoProfile" time="13.231"/>
  <system-out/>
  <testcase classname="com.capitol.WebQAautomation.tests.RunScripts" name="modifyUser" time="4.044"/>
  <system-out/>
  <testcase classname="com.capitol.WebQAautomation.tests.RunScripts" name="logout" time="3.924"/>
  <system-out/>
  <testcase classname="com.capitol.WebQAautomation.tests.RunScripts" name="loginwithModifiedpassword" time="9.584"/>
  <system-out/>
  <testcase classname="com.capitol.WebQAautomation.tests.RunScripts" name="reLaunch">
    <skipped/>
  </testcase> <!-- reLaunch -->
  <system-out/>
</testsuite> <!-- com.capitol.WebQAautomation.tests.RunScripts -->
